C:\USERS\ADY\DOCUMENTS\VISUAL STUDIO 2012\PROJECTS\BIBLIOTECA\BIBLIOTECA\DEBUG\BIBLIOTECA.OBJ
C:\USERS\ADY\DOCUMENTS\VISUAL STUDIO 2012\PROJECTS\BIBLIOTECA\BIBLIOTECA\DEBUG\BIBLIOTECA_OBIECTUAL.OBJ
C:\USERS\ADY\DOCUMENTS\VISUAL STUDIO 2012\PROJECTS\BIBLIOTECA\BIBLIOTECA\DEBUG\CARTE.OBJ
C:\USERS\ADY\DOCUMENTS\VISUAL STUDIO 2012\PROJECTS\BIBLIOTECA\BIBLIOTECA\DEBUG\STARE.OBJ
C:\USERS\ADY\DOCUMENTS\VISUAL STUDIO 2012\PROJECTS\BIBLIOTECA\BIBLIOTECA\DEBUG\VC110.PDB
C:\USERS\ADY\DOCUMENTS\VISUAL STUDIO 2012\PROJECTS\BIBLIOTECA\DEBUG\BIBLIOTECA.ILK
C:\USERS\ADY\DOCUMENTS\VISUAL STUDIO 2012\PROJECTS\BIBLIOTECA\DEBUG\BIBLIOTECA.EXE
C:\USERS\ADY\DOCUMENTS\VISUAL STUDIO 2012\PROJECTS\BIBLIOTECA\DEBUG\BIBLIOTECA.PDB
C:\Users\Ady\Documents\Visual Studio 2012\Projects\Biblioteca\Biblioteca\Debug\biblioteca.obj
C:\Users\Ady\Documents\Visual Studio 2012\Projects\Biblioteca\Biblioteca\Debug\biblioteca_obiectual.obj
C:\Users\Ady\Documents\Visual Studio 2012\Projects\Biblioteca\Biblioteca\Debug\carte.obj
C:\Users\Ady\Documents\Visual Studio 2012\Projects\Biblioteca\Biblioteca\Debug\stare.obj
C:\Users\Ady\Documents\Visual Studio 2012\Projects\Biblioteca\Biblioteca\Debug\cl.command.1.tlog
C:\Users\Ady\Documents\Visual Studio 2012\Projects\Biblioteca\Biblioteca\Debug\CL.read.1.tlog
C:\Users\Ady\Documents\Visual Studio 2012\Projects\Biblioteca\Biblioteca\Debug\CL.write.1.tlog
C:\Users\Ady\Documents\Visual Studio 2012\Projects\Biblioteca\Biblioteca\Debug\link-cvtres.read.1.tlog
C:\Users\Ady\Documents\Visual Studio 2012\Projects\Biblioteca\Biblioteca\Debug\link-cvtres.write.1.tlog
C:\Users\Ady\Documents\Visual Studio 2012\Projects\Biblioteca\Biblioteca\Debug\link-rc.read.1.tlog
C:\Users\Ady\Documents\Visual Studio 2012\Projects\Biblioteca\Biblioteca\Debug\link-rc.write.1.tlog
C:\Users\Ady\Documents\Visual Studio 2012\Projects\Biblioteca\Biblioteca\Debug\link.command.1.tlog
C:\Users\Ady\Documents\Visual Studio 2012\Projects\Biblioteca\Biblioteca\Debug\link.read.1.tlog
C:\Users\Ady\Documents\Visual Studio 2012\Projects\Biblioteca\Biblioteca\Debug\link.write.1.tlog
C:\Users\Ady\Documents\Visual Studio 2012\Projects\Biblioteca\Biblioteca\Debug\vc110.idb
C:\Users\Ady\Documents\Visual Studio 2012\Projects\Biblioteca\Biblioteca\Debug\vc110.pdb
C:\Users\Ady\Documents\Visual Studio 2012\Projects\Biblioteca\Debug\Biblioteca.pdb
C:\Users\Ady\Documents\Visual Studio 2012\Projects\Biblioteca\Debug\Biblioteca.exe
C:\Users\Ady\Documents\Visual Studio 2012\Projects\Biblioteca\Debug\Biblioteca.ilk
